[2026-07-05T17:21:25.171Z] GET https://www.ownify.co.kr/reviews → 200 (253ms, 51800B)
[2026-07-05T17:21:25.429Z] GET https://immplee.github.io/ONF_Homepage/ownify.css → pending (?ms, ?B)
[2026-07-05T17:21:25.429Z] GET https://immplee.github.io/ONF_Homepage/ownify.js → pending (?ms, ?B)
[2026-07-05T17:21:25.429Z] GET https://cdn.jsdelivr.net/xeicon/2/xeicon.min.css → 200 (39ms, 7541B)
[2026-07-05T17:21:25.429Z] GET https://cdn.lazyrockets.com/_next/static/css/1f554d5e2cd9c84a.css → pending (?ms, ?B)
[2026-07-05T17:21:25.429Z] GET https://cdn.lazyrockets.com/_next/static/css/cbab82b64f56a2c5.css → pending (?ms, ?B)
[2026-07-05T17:21:25.429Z] GET https://cdn.lazyrockets.com/_next/static/css/0f2fd71d4dcc91c9.css → pending (?ms, ?B)
[2026-07-05T17:21:25.429Z] GET https://cdn.lazyrockets.com/_next/static/css/4a36b6b6aa198e6c.css → pending (?ms, ?B)
[2026-07-05T17:21:25.429Z] GET https://cdn.lazyrockets.com/_next/static/chunks/9330.e8e4af96ffd10dad.js → pending (?ms, ?B)
[2026-07-05T17:21:25.430Z] GET https://cdn.lazyrockets.com/_next/static/chunks/8631.effdd002097be1d1.js → pending (?ms, ?B)
[2026-07-05T17:21:25.430Z] GET https://cdn.lazyrockets.com/_next/static/chunks/5053.85bcfc3adda6b81d.js → pending (?ms, ?B)
[2026-07-05T17:21:25.430Z] GET https://cdn.lazyrockets.com/_next/static/chunks/2667.29315feac194778a.js → pending (?ms, ?B)
[2026-07-05T17:21:25.430Z] GET https://cdn.lazyrockets.com/_next/static/chunks/2b7b2d2a.11543cea1032186d.js → pending (?ms, ?B)
[2026-07-05T17:21:25.430Z] GET https://cdn.lazyrockets.com/_next/static/chunks/776.9feb564444215ca9.js → pending (?ms, ?B)
[2026-07-05T17:21:25.430Z] GET https://cdn.lazyrockets.com/_next/static/chunks/442.13a8e68a098fc194.js → pending (?ms, ?B)
[2026-07-05T17:21:25.430Z] GET https://cdn.lazyrockets.com/_next/static/chunks/9230.0fc82f19382dc02b.js → pending (?ms, ?B)
[2026-07-05T17:21:25.430Z] GET https://cdn.lazyrockets.com/_next/static/chunks/7757.8a837c5db0b3cfff.js → pending (?ms, ?B)
[2026-07-05T17:21:25.430Z] GET https://cdn.lazyrockets.com/_next/static/chunks/1112.658a2e4a69ea9940.js → pending (?ms, ?B)
[2026-07-05T17:21:25.430Z] GET https://cdn.lazyrockets.com/_next/static/chunks/webpack-8ab15bbc608dd810.js → pending (?ms, ?B)
[2026-07-05T17:21:25.431Z] GET https://cdn.lazyrockets.com/_next/static/chunks/framework-a31fb0e66037d890.js → pending (?ms, ?B)
[2026-07-05T17:21:25.431Z] GET https://cdn.lazyrockets.com/_next/static/chunks/main-5e8ad880fa778d90.js → pending (?ms, ?B)
[2026-07-05T17:21:25.431Z] GET https://cdn.lazyrockets.com/_next/static/chunks/pages/_app-2ef5a9a0d738013d.js → pending (?ms, ?B)
[2026-07-05T17:21:25.432Z] GET https://cdn.lazyrockets.com/_next/static/chunks/fec483df-ec55022df2057fa9.js → pending (?ms, ?B)
[2026-07-05T17:21:25.433Z] GET https://cdn.lazyrockets.com/_next/static/chunks/5295-4cdcaa63d89ac5e4.js → pending (?ms, ?B)
[2026-07-05T17:21:25.433Z] GET https://cdn.lazyrockets.com/_next/static/chunks/6767-8a8114a38dd6a3e3.js → pending (?ms, ?B)
[2026-07-05T17:21:25.433Z] GET https://cdn.lazyrockets.com/_next/static/chunks/9770-22ea912702417c2e.js → pending (?ms, ?B)
[2026-07-05T17:21:25.433Z] GET https://cdn.lazyrockets.com/_next/static/chunks/2023-54a36bbdb9113f88.js → pending (?ms, ?B)
[2026-07-05T17:21:25.433Z] GET https://cdn.lazyrockets.com/_next/static/chunks/6835-ba9c852fb66767e5.js → pending (?ms, ?B)
[2026-07-05T17:21:25.433Z] GET https://cdn.lazyrockets.com/_next/static/chunks/2645-765bd7367e2b17e5.js → pending (?ms, ?B)
[2026-07-05T17:21:25.433Z] GET https://cdn.lazyrockets.com/_next/static/chunks/4731-ae21640fd12a8b88.js → pending (?ms, ?B)
[2026-07-05T17:21:25.433Z] GET https://cdn.lazyrockets.com/_next/static/chunks/pages/%5Bid%5D-fc286ce64075d6ce.js → pending (?ms, ?B)
[2026-07-05T17:21:25.433Z] GET https://cdn.lazyrockets.com/_next/static/Ik7oqEI4OnRLVveAQf6qK/_buildManifest.js → pending (?ms, ?B)
[2026-07-05T17:21:25.433Z] GET https://cdn.lazyrockets.com/_next/static/Ik7oqEI4OnRLVveAQf6qK/_ssgManifest.js → pending (?ms, ?B)
[2026-07-05T17:21:25.433Z] GET https://oopy.lazyrockets.com/api/rest/cdn/image/019f1c5f-80a9-74f6-aba6-99810f91d063.png → pending (?ms, ?B)
[2026-07-05T17:21:25.567Z] GET https://fonts.googleapis.com/css2?family=Rubik:wght@400;500;700&display=swap → 200 (160ms, 1316B)
[2026-07-05T17:21:25.660Z] GET https://cdn.jsdelivr.net/gh/fonts-archive/Paperlogy/subsets/Paperlogy-dynamic-subset.css → 200 (11ms, 32037B)
[2026-07-05T17:21:25.764Z] GET https://cdn.jsdelivr.net/gh/fonts-archive/Paperlogy/subsets/Paperlogy-6SemiBold.subset.117.woff2 → 200 (20ms, 9084B)
[2026-07-05T17:21:25.765Z] GET https://cdn.jsdelivr.net/gh/fonts-archive/Paperlogy/subsets/Paperlogy-6SemiBold.subset.119.woff2 → 200 (85ms, 9784B)
[2026-07-05T17:21:25.765Z] GET https://cdn.jsdelivr.net/gh/fonts-archive/Paperlogy/subsets/Paperlogy-4Regular.subset.113.woff2 → 200 (85ms, 9857B)
[2026-07-05T17:21:25.765Z] GET https://cdn.jsdelivr.net/gh/fonts-archive/Paperlogy/subsets/Paperlogy-4Regular.subset.119.woff2 → 200 (85ms, 9772B)
[2026-07-05T17:21:25.765Z] GET https://cdn.jsdelivr.net/gh/fonts-archive/Paperlogy/subsets/Paperlogy-4Regular.subset.118.woff2 → 200 (85ms, 8919B)
[2026-07-05T17:21:25.765Z] GET https://cdn.jsdelivr.net/gh/fonts-archive/Paperlogy/subsets/Paperlogy-6SemiBold.subset.118.woff2 → 200 (85ms, 8820B)
[2026-07-05T17:21:25.765Z] GET https://cdn.jsdelivr.net/gh/fonts-archive/Paperlogy/subsets/Paperlogy-6SemiBold.subset.116.woff2 → 200 (85ms, 9783B)
[2026-07-05T17:21:25.765Z] GET https://cdn.jsdelivr.net/gh/fonts-archive/Paperlogy/subsets/Paperlogy-6SemiBold.subset.114.woff2 → 200 (85ms, 9746B)
[2026-07-05T17:21:25.765Z] GET https://cdn.jsdelivr.net/gh/fonts-archive/Paperlogy/subsets/Paperlogy-6SemiBold.subset.113.woff2 → 200 (85ms, 9896B)
[2026-07-05T17:21:25.765Z] GET https://cdn.jsdelivr.net/gh/fonts-archive/Paperlogy/subsets/Paperlogy-6SemiBold.subset.112.woff2 → 200 (87ms, 9484B)
[2026-07-05T17:21:25.765Z] GET https://cdn.jsdelivr.net/gh/fonts-archive/Paperlogy/subsets/Paperlogy-6SemiBold.subset.109.woff2 → 200 (87ms, 9750B)
[2026-07-05T17:21:25.765Z] GET https://cdn.jsdelivr.net/gh/fonts-archive/Paperlogy/subsets/Paperlogy-4Regular.subset.117.woff2 → 200 (87ms, 9058B)
[2026-07-05T17:21:25.766Z] GET https://cdn.jsdelivr.net/gh/fonts-archive/Paperlogy/subsets/Paperlogy-4Regular.subset.116.woff2 → 200 (86ms, 9847B)
[2026-07-05T17:21:25.766Z] GET https://cdn.jsdelivr.net/gh/fonts-archive/Paperlogy/subsets/Paperlogy-4Regular.subset.115.woff2 → 200 (86ms, 9899B)
[2026-07-05T17:21:25.766Z] GET https://oopy.lazyrockets.com/api/v2/notion/image?src=attachment%3A20b3fd28-7ac4-4bdf-afa0-f65458de4578%3Aoutput_2877332609.jpg&blockId=381d6a62-96ae-806e-927d-d79ed612f51b → 200 (86ms, 86899B)
[2026-07-05T17:21:25.766Z] GET https://oopy.lazyrockets.com/api/v2/notion/image?src=attachment%3A9f6684db-ef60-4962-9968-c16cb6a8cdd2%3Aoutput_4198479762.jpg&blockId=381d6a62-96ae-80f0-b4ce-ea4ec854ddd1 → 200 (89ms, 88985B)
[2026-07-05T17:21:25.766Z] GET https://oopy.lazyrockets.com/api/v2/notion/image?src=attachment%3Ad89b23e1-9db6-4264-9c1f-8fd94d179f68%3Af9bca98c-aa38-4fbb-b0be-8f5ab865b36f.png&blockId=381d6a62-96ae-80fc-9a0b-dabe42f13cc7 → 200 (121ms, 184477B)
[2026-07-05T17:21:25.766Z] GET https://oopy.lazyrockets.com/api/v2/notion/image?src=attachment%3A54ba7b8a-812d-43d2-9fe3-1eb86d5afb50%3Aoutput_1284735313.jpg&blockId=381d6a62-96ae-80a1-9a57-dbc80e7742e4 → 200 (87ms, 61948B)
[2026-07-05T17:21:25.766Z] GET https://oopy.lazyrockets.com/api/v2/notion/image?src=attachment%3A51ac0e0e-203d-4749-ad7f-35ee979662f1%3Aoutput_2752979281.jpg&blockId=381d6a62-96ae-80c6-afd7-c984039d3d6f → 200 (137ms, 102491B)
[2026-07-05T17:21:25.766Z] GET https://oopy.lazyrockets.com/api/v2/notion/image?src=attachment%3A3ae8e332-0454-4a92-9d7a-2431861dd945%3AIMG%EF%BC%BF3708.jpg&blockId=381d6a62-96ae-8023-be8a-d695c05950a2 → 200 (146ms, 35575B)
[2026-07-05T17:21:25.766Z] GET https://oopy.lazyrockets.com/api/v2/notion/image?src=attachment%3Af552a603-b13c-41ae-b4ca-5286ad717d0b%3AIMG%EF%BC%BF3731.jpg&blockId=381d6a62-96ae-8009-9ea2-d6807ce151e6 → 200 (154ms, 54069B)
[2026-07-05T17:21:25.766Z] GET https://oopy.lazyrockets.com/api/v2/notion/image?src=attachment%3A99a8f846-de33-41e7-8975-902b3899bb7f%3Aoutput%EF%BC%BF1022473011.jpg&blockId=381d6a62-96ae-80a8-9ae9-dd79944541ee → 200 (154ms, 51569B)
[2026-07-05T17:21:25.766Z] GET https://oopy.lazyrockets.com/api/v2/notion/image?src=attachment%3A6d9e5df7-6d65-4b79-a703-5f25428512f7%3AIMG%EF%BC%BF3748.jpg&blockId=381d6a62-96ae-80d9-a4f3-d9068656e1f2 → 200 (157ms, 62649B)
[2026-07-05T17:21:25.766Z] GET https://oopy.lazyrockets.com/api/v2/notion/image?src=attachment%3A8f9b3b75-2c38-4e77-98f9-06e15d706823%3Aoutput%EF%BC%BF46368116.jpg&blockId=381d6a62-96ae-801c-b205-cfe6da571bd7 → 200 (161ms, 53991B)
[2026-07-05T17:21:25.766Z] GET https://oopy.lazyrockets.com/api/v2/notion/image?src=attachment%3A8d42baf9-611d-412f-8a55-68f2963233d3%3Aa1b6d364-ff01-40cd-82e1-aee5496cfd00.png&blockId=381d6a62-96ae-8096-8315-e0cc4f0c814e → 200 (166ms, 164769B)
[2026-07-05T17:21:25.766Z] GET https://oopy.lazyrockets.com/api/v2/notion/image?src=attachment%3A5d71ce1a-48c8-42a0-8b58-992fdf6e4b6a%3Aoutput%EF%BC%BF1258797684.jpg&blockId=381d6a62-96ae-8027-9572-f17ec5ec5733 → 200 (175ms, 39868B)
[2026-07-05T17:21:25.766Z] GET https://oopy.lazyrockets.com/api/v2/notion/image?src=attachment%3Aa44ca8ef-ce90-457d-b34a-9ce59d34c4a1%3Aoutput%EF%BC%BF2398252395.jpg&blockId=381d6a62-96ae-8097-a894-ce2cba22e813 → 200 (179ms, 64791B)
[2026-07-05T17:21:25.766Z] GET https://oopy.lazyrockets.com/api/v2/notion/image?src=attachment%3A65947e94-44a8-4696-9e02-427985640da5%3Aoutput%EF%BC%BF2425176567.jpg&blockId=381d6a62-96ae-80e6-b541-e1017f7c8f40 → 200 (183ms, 39004B)
[2026-07-05T17:21:25.766Z] GET https://oopy.lazyrockets.com/api/v2/notion/image?src=attachment%3A77a892d4-0454-4b7e-b955-c1c0de825fda%3Aoutput%EF%BC%BF2426192710.jpg&blockId=381d6a62-96ae-807e-93c8-da864b90b28f → 200 (187ms, 71316B)
[2026-07-05T17:21:25.766Z] GET https://oopy.lazyrockets.com/api/v2/notion/image?src=attachment%3Af844a839-8db1-4219-91ce-c3df3819614b%3A0100f6e1-0125-4ccb-9746-54bfa2493e00.png&blockId=381d6a62-96ae-8039-ac21-d3a340bf8677 → 200 (190ms, 86595B)
[2026-07-05T17:21:25.767Z] GET https://oopy.lazyrockets.com/api/v2/notion/image?src=attachment%3Ac94dd206-c51f-4b83-852e-c1db4207ee36%3Aoutput%EF%BC%BF3511038837.jpg&blockId=381d6a62-96ae-80ff-9ca6-e0fa8cd4052e → 200 (190ms, 65490B)
[2026-07-05T17:21:25.767Z] GET https://oopy.lazyrockets.com/api/v2/notion/image?src=attachment%3A498f3a10-2708-4757-a391-4afe677cdb57%3Aoutput%EF%BC%BF3627921633.jpg&blockId=381d6a62-96ae-80ea-8a81-ef573cab204e → 200 (216ms, 75408B)
[2026-07-05T17:21:25.767Z] GET https://oopy.lazyrockets.com/api/v2/notion/image?src=attachment%3Ad3035022-5a22-4f2e-a80c-5c5964d902af%3Aoutput%EF%BC%BF3902669146.jpg&blockId=381d6a62-96ae-808a-a2aa-dd643abe5022 → 200 (217ms, 60269B)
[2026-07-05T17:21:25.767Z] GET https://oopy.lazyrockets.com/api/v2/notion/image?src=attachment%3A71b2c25c-0be1-4c03-a83a-484e625b9c0b%3Aoutput%EF%BC%BF251465635.jpg&blockId=381d6a62-96ae-80e5-bc23-e3a9f75f08b2 → 200 (218ms, 31860B)
[2026-07-05T17:21:25.767Z] GET https://oopy.lazyrockets.com/api/v2/notion/image?src=attachment%3A46c6a537-6350-494c-a66c-00f8984a1ce8%3AIMG%EF%BC%BF3834.jpeg&blockId=381d6a62-96ae-80ae-8483-cc6d3d36bc3b → 200 (220ms, 65775B)
[2026-07-05T17:21:25.767Z] GET https://oopy.lazyrockets.com/api/v2/notion/image?src=attachment%3A4d077c96-6a48-43d7-9e41-a763eeed364b%3Aoutput%EF%BC%BF938340847.jpg&blockId=381d6a62-96ae-8059-b646-dffe42752e8d → 200 (222ms, 64662B)
[2026-07-05T17:21:25.767Z] GET https://oopy.lazyrockets.com/api/v2/notion/image?src=attachment%3A73e4fa40-889b-403a-9b34-487bea26f0c0%3Aoutput%EF%BC%BF2396846291.jpg&blockId=381d6a62-96ae-8004-b959-fbe63021bd0a → 200 (222ms, 36347B)
[2026-07-05T17:21:25.768Z] GET https://oopy.lazyrockets.com/api/v2/notion/image?src=attachment%3Ac7a491aa-116a-43c6-aeaf-70e25ce089f8%3Aoutput%EF%BC%BF1061926922.jpg&blockId=381d6a62-96ae-802b-af9e-cd001c9c1f8e → 200 (223ms, 56515B)
[2026-07-05T17:21:25.768Z] GET https://oopy.lazyrockets.com/api/v2/notion/image?src=attachment%3A6f05b7d4-df48-46dd-95fb-3f7ccb22ff2b%3Aoutput%EF%BC%BF64638474.jpg&blockId=381d6a62-96ae-80ba-9eed-f795a875152f → 200 (223ms, 47727B)
[2026-07-05T17:21:25.768Z] GET https://cdn.jsdelivr.net/gh/fonts-archive/Paperlogy/subsets/Paperlogy-9Black.subset.119.woff2 → 200 (84ms, 9783B)
[2026-07-05T17:21:25.768Z] GET https://cdn.jsdelivr.net/gh/immplee/ONF_Homepage@66d00f3/assets/ownify-logo-cream.svg → 200 (15ms, 3483B)
[2026-07-05T17:21:25.768Z] GET https://immplee.github.io/ONF_Homepage/assets/cta-arrow.webp → 200 (214ms, 5896B)
[2026-07-05T17:21:25.768Z] GET https://cdn.jsdelivr.net/gh/immplee/ONF_Homepage@a7cea5e/assets/cover-unified.webp → 200 (15ms, 43010B)
[2026-07-05T17:21:25.768Z] GET https://immplee.github.io/ONF_Homepage/assets/review-arrow-left.png → 200 (212ms, 86859B)
[2026-07-05T17:21:25.768Z] GET https://immplee.github.io/ONF_Homepage/assets/review-arrow-right.png → 200 (203ms, 80550B)
[2026-07-05T17:21:25.769Z] GET https://cdn.jsdelivr.net/gh/fonts-archive/Paperlogy/subsets/Paperlogy-7Bold.subset.119.woff2 → 200 (84ms, 9809B)
[2026-07-05T17:21:25.769Z] GET https://cdn.jsdelivr.net/gh/fonts-archive/Paperlogy/subsets/Paperlogy-7Bold.subset.118.woff2 → 200 (84ms, 8795B)
[2026-07-05T17:21:25.884Z] GET https://cdn.lazyrockets.com/_next/static/chunks/4034.cecb069edaf4b36b.js → 200 (28ms, 821B)
[2026-07-05T17:21:25.887Z] GET https://immplee.github.io/ONF_Homepage/assets/review-arrow-down.png → 200 (196ms, 21712B)
[2026-07-05T17:21:25.887Z] GET https://cdn.jsdelivr.net/gh/fonts-archive/Paperlogy/subsets/Paperlogy-8ExtraBold.subset.119.woff2 → 200 (16ms, 9455B)
[2026-07-05T17:21:25.903Z] GET https://api64.ipify.org/ → 200 (497ms, 110B)
[2026-07-05T17:21:25.903Z] GET https://upload.wikimedia.org/wikipedia/commons/a/a5/Instagram_icon.png → 200 (243ms, ?B)
[2026-07-05T17:21:25.910Z] GET https://oopy.lazyrockets.com/api/v2/notion/image?src=attachment%3A20b3fd28-7ac4-4bdf-afa0-f65458de4578%3Aoutput_2877332609.jpg&blockId=381d6a62-96ae-806e-927d-d79ed612f51b&width=1024 → 200 (83ms, 77402B)
[2026-07-05T17:21:25.910Z] GET https://oopy.lazyrockets.com/api/v2/notion/image?src=attachment%3A9f6684db-ef60-4962-9968-c16cb6a8cdd2%3Aoutput_4198479762.jpg&blockId=381d6a62-96ae-80f0-b4ce-ea4ec854ddd1&width=1024 → 200 (62ms, 80759B)
[2026-07-05T17:21:25.910Z] GET https://oopy.lazyrockets.com/api/v2/notion/image?src=attachment%3Ad89b23e1-9db6-4264-9c1f-8fd94d179f68%3Af9bca98c-aa38-4fbb-b0be-8f5ab865b36f.png&blockId=381d6a62-96ae-80fc-9a0b-dabe42f13cc7&width=1024 → 200 (56ms, 169898B)
[2026-07-05T17:21:25.910Z] GET https://oopy.lazyrockets.com/api/v2/notion/image?src=attachment%3A54ba7b8a-812d-43d2-9fe3-1eb86d5afb50%3Aoutput_1284735313.jpg&blockId=381d6a62-96ae-80a1-9a57-dbc80e7742e4&width=1024 → 200 (66ms, 61975B)
[2026-07-05T17:21:25.910Z] GET https://oopy.lazyrockets.com/api/v2/notion/image?src=attachment%3A51ac0e0e-203d-4749-ad7f-35ee979662f1%3Aoutput_2752979281.jpg&blockId=381d6a62-96ae-80c6-afd7-c984039d3d6f&width=1024 → 200 (68ms, 102501B)
[2026-07-05T17:21:25.910Z] GET https://oopy.lazyrockets.com/api/v2/notion/image?src=attachment%3A3ae8e332-0454-4a92-9d7a-2431861dd945%3AIMG%EF%BC%BF3708.jpg&blockId=381d6a62-96ae-8023-be8a-d695c05950a2&width=1024 → 200 (66ms, 35605B)
[2026-07-05T17:21:25.910Z] GET https://oopy.lazyrockets.com/api/v2/notion/image?src=attachment%3Af552a603-b13c-41ae-b4ca-5286ad717d0b%3AIMG%EF%BC%BF3731.jpg&blockId=381d6a62-96ae-8009-9ea2-d6807ce151e6&width=1024 → 200 (54ms, 54073B)
[2026-07-05T17:21:25.910Z] GET https://oopy.lazyrockets.com/api/v2/notion/image?src=attachment%3A99a8f846-de33-41e7-8975-902b3899bb7f%3Aoutput%EF%BC%BF1022473011.jpg&blockId=381d6a62-96ae-80a8-9ae9-dd79944541ee&width=1024 → 200 (51ms, 51561B)
[2026-07-05T17:21:25.910Z] GET https://oopy.lazyrockets.com/api/v2/notion/image?src=attachment%3A6d9e5df7-6d65-4b79-a703-5f25428512f7%3AIMG%EF%BC%BF3748.jpg&blockId=381d6a62-96ae-80d9-a4f3-d9068656e1f2&width=1024 → 200 (50ms, 62640B)
[2026-07-05T17:21:25.910Z] GET https://oopy.lazyrockets.com/api/v2/notion/image?src=attachment%3A8f9b3b75-2c38-4e77-98f9-06e15d706823%3Aoutput%EF%BC%BF46368116.jpg&blockId=381d6a62-96ae-801c-b205-cfe6da571bd7&width=1024 → 200 (61ms, 54016B)
[2026-07-05T17:21:25.910Z] GET https://oopy.lazyrockets.com/api/v2/notion/image?src=attachment%3A8d42baf9-611d-412f-8a55-68f2963233d3%3Aa1b6d364-ff01-40cd-82e1-aee5496cfd00.png&blockId=381d6a62-96ae-8096-8315-e0cc4f0c814e&width=1024 → 200 (84ms, 164766B)
[2026-07-05T17:21:25.910Z] GET https://oopy.lazyrockets.com/api/v2/notion/image?src=attachment%3A5d71ce1a-48c8-42a0-8b58-992fdf6e4b6a%3Aoutput%EF%BC%BF1258797684.jpg&blockId=381d6a62-96ae-8027-9572-f17ec5ec5733&width=1024 → 200 (86ms, 39867B)
[2026-07-05T17:21:25.910Z] GET https://oopy.lazyrockets.com/api/v2/notion/image?src=attachment%3Aa44ca8ef-ce90-457d-b34a-9ce59d34c4a1%3Aoutput%EF%BC%BF2398252395.jpg&blockId=381d6a62-96ae-8097-a894-ce2cba22e813&width=1024 → 200 (88ms, 64789B)
[2026-07-05T17:21:25.910Z] GET https://oopy.lazyrockets.com/api/v2/notion/image?src=attachment%3A65947e94-44a8-4696-9e02-427985640da5%3Aoutput%EF%BC%BF2425176567.jpg&blockId=381d6a62-96ae-80e6-b541-e1017f7c8f40&width=1024 → 200 (90ms, 39014B)
[2026-07-05T17:21:25.910Z] GET https://oopy.lazyrockets.com/api/v2/notion/image?src=attachment%3A77a892d4-0454-4b7e-b955-c1c0de825fda%3Aoutput%EF%BC%BF2426192710.jpg&blockId=381d6a62-96ae-807e-93c8-da864b90b28f&width=1024 → 200 (90ms, 71313B)
[2026-07-05T17:21:25.910Z] GET https://oopy.lazyrockets.com/api/v2/notion/image?src=attachment%3Af844a839-8db1-4219-91ce-c3df3819614b%3A0100f6e1-0125-4ccb-9746-54bfa2493e00.png&blockId=381d6a62-96ae-8039-ac21-d3a340bf8677&width=1024 → 200 (99ms, 86616B)
[2026-07-05T17:21:25.910Z] GET https://oopy.lazyrockets.com/api/v2/notion/image?src=attachment%3Ac94dd206-c51f-4b83-852e-c1db4207ee36%3Aoutput%EF%BC%BF3511038837.jpg&blockId=381d6a62-96ae-80ff-9ca6-e0fa8cd4052e&width=1024 → 200 (100ms, 65485B)
[2026-07-05T17:21:25.910Z] GET https://oopy.lazyrockets.com/api/v2/notion/image?src=attachment%3A498f3a10-2708-4757-a391-4afe677cdb57%3Aoutput%EF%BC%BF3627921633.jpg&blockId=381d6a62-96ae-80ea-8a81-ef573cab204e&width=1024 → 200 (102ms, 75385B)
[2026-07-05T17:21:25.911Z] GET https://oopy.lazyrockets.com/api/v2/notion/image?src=attachment%3Ad3035022-5a22-4f2e-a80c-5c5964d902af%3Aoutput%EF%BC%BF3902669146.jpg&blockId=381d6a62-96ae-808a-a2aa-dd643abe5022&width=1024 → 200 (104ms, 60269B)
[2026-07-05T17:21:25.911Z] GET https://oopy.lazyrockets.com/api/v2/notion/image?src=attachment%3A71b2c25c-0be1-4c03-a83a-484e625b9c0b%3Aoutput%EF%BC%BF251465635.jpg&blockId=381d6a62-96ae-80e5-bc23-e3a9f75f08b2&width=1024 → 200 (104ms, 31853B)
[2026-07-05T17:21:25.911Z] GET https://oopy.lazyrockets.com/api/v2/notion/image?src=attachment%3A46c6a537-6350-494c-a66c-00f8984a1ce8%3AIMG%EF%BC%BF3834.jpeg&blockId=381d6a62-96ae-80ae-8483-cc6d3d36bc3b&width=1024 → 200 (104ms, 65752B)
[2026-07-05T17:21:25.911Z] GET https://oopy.lazyrockets.com/api/v2/notion/image?src=attachment%3A4d077c96-6a48-43d7-9e41-a763eeed364b%3Aoutput%EF%BC%BF938340847.jpg&blockId=381d6a62-96ae-8059-b646-dffe42752e8d&width=1024 → 200 (107ms, 64713B)
[2026-07-05T17:21:25.911Z] GET https://oopy.lazyrockets.com/api/v2/notion/image?src=attachment%3A73e4fa40-889b-403a-9b34-487bea26f0c0%3Aoutput%EF%BC%BF2396846291.jpg&blockId=381d6a62-96ae-8004-b959-fbe63021bd0a&width=1024 → 200 (107ms, 36256B)
[2026-07-05T17:21:25.911Z] GET https://oopy.lazyrockets.com/api/v2/notion/image?src=attachment%3Ac7a491aa-116a-43c6-aeaf-70e25ce089f8%3Aoutput%EF%BC%BF1061926922.jpg&blockId=381d6a62-96ae-802b-af9e-cd001c9c1f8e&width=1024 → 200 (107ms, 56485B)
[2026-07-05T17:21:25.911Z] GET https://oopy.lazyrockets.com/api/v2/notion/image?src=attachment%3A6f05b7d4-df48-46dd-95fb-3f7ccb22ff2b%3Aoutput%EF%BC%BF64638474.jpg&blockId=381d6a62-96ae-80ba-9eed-f795a875152f&width=1024 → 200 (107ms, 47753B)
[2026-07-05T17:21:26.275Z] GET https://immplee.github.io/ONF_Homepage/assets/review-teacher-mary.png → 200 (207ms, 165801B)
[2026-07-05T17:21:26.275Z] GET https://immplee.github.io/ONF_Homepage/assets/review-teacher-peter.png → 200 (208ms, 168299B)
[2026-07-05T17:21:26.405Z] POST https://oopy.lazyrockets.com/api/v2/rest/pageview → pending (?ms, ?B)
[2026-07-05T17:21:40.961Z] GET https://cdn.jsdelivr.net/xeicon/2/fonts/xeicon.woff2?3ka2yj → 200 (15ms, 57957B)
